.\venv\Scripts\python.exe 
: INFO:     Will watch for 
changes in these 
directories: ['C:\\Users\\H
P\\Desktop\\untitled 
folder 4\\untitled folder 
4\\mediFlow']
At line:1 char:1
+ 
.\venv\Scripts\python.exe 
-m uvicorn app.main:app 
--reload > uvicorn_ ...
+ ~~~~~~~~~~~~~~~~~~~~~~~~~
~~~~~~~~~~~~~~~~~~~~~~~~~~~
~~~~~~~~~~~~~~~~~
    + CategoryInfo         
     : NotSpecified: (INF  
  O:     Will ...r 4\\me   
 diFlow']:String) [], R    
emoteException
    + FullyQualifiedErrorI 
   d : NativeCommandError
 
INFO:     Uvicorn running 
on http://127.0.0.1:8000 
(Press CTRL+C to quit)
INFO:     Started reloader 
process [9976] using 
StatReload
Process SpawnProcess-1:
Traceback (most recent 
call last):
  File "C:\Users\HP\AppData
\Local\Programs\Python\Pyth
on311\Lib\multiprocessing\p
rocess.py", line 314, in 
_bootstrap
    self.run()
  File "C:\Users\HP\AppData
\Local\Programs\Python\Pyth
on311\Lib\multiprocessing\p
rocess.py", line 108, in 
run
    
self._target(*self._args, 
**self._kwargs)
  File "C:\Users\HP\Desktop
\untitled folder 
4\untitled folder 4\mediFlo
w\venv\Lib\site-packages\uv
icorn\_subprocess.py", 
line 76, in 
subprocess_started
    target(sockets=sockets)
  File "C:\Users\HP\Desktop
\untitled folder 
4\untitled folder 4\mediFlo
w\venv\Lib\site-packages\uv
icorn\server.py", line 61, 
in run
    return asyncio.run(self
.serve(sockets=sockets))
           ^^^^^^^^^^^^^^^^
^^^^^^^^^^^^^^^^^^^^^^^^
  File "C:\Users\HP\AppData
\Local\Programs\Python\Pyth
on311\Lib\asyncio\runners.p
y", line 190, in run
    return runner.run(main)
           ^^^^^^^^^^^^^^^^
  File "C:\Users\HP\AppData
\Local\Programs\Python\Pyth
on311\Lib\asyncio\runners.p
y", line 118, in run
    return self._loop.run_u
ntil_complete(task)
           ^^^^^^^^^^^^^^^^
^^^^^^^^^^^^^^^^^^^
  File "C:\Users\HP\AppData
\Local\Programs\Python\Pyth
on311\Lib\asyncio\base_even
ts.py", line 654, in 
run_until_complete
    return future.result()
           ^^^^^^^^^^^^^^^
  File "C:\Users\HP\Desktop
\untitled folder 
4\untitled folder 4\mediFlo
w\venv\Lib\site-packages\uv
icorn\server.py", line 68, 
in serve
    config.load()
  File "C:\Users\HP\Desktop
\untitled folder 
4\untitled folder 4\mediFlo
w\venv\Lib\site-packages\uv
icorn\config.py", line 
473, in load
    self.loaded_app = impor
t_from_string(self.app)
                      ^^^^^
^^^^^^^^^^^^^^^^^^^^^^^
  File "C:\Users\HP\Desktop
\untitled folder 
4\untitled folder 4\mediFlo
w\venv\Lib\site-packages\uv
icorn\importer.py", line 
24, in import_from_string
    raise exc from None
  File "C:\Users\HP\Desktop
\untitled folder 
4\untitled folder 4\mediFlo
w\venv\Lib\site-packages\uv
icorn\importer.py", line 
21, in import_from_string
    module = importlib.impo
rt_module(module_str)
             ^^^^^^^^^^^^^^
^^^^^^^^^^^^^^^^^^^^^
  File "C:\Users\HP\AppData
\Local\Programs\Python\Pyth
on311\Lib\importlib\__init_
_.py", line 126, in 
import_module
    return _bootstrap._gcd_
import(name[level:], 
package, level)
           ^^^^^^^^^^^^^^^^
^^^^^^^^^^^^^^^^^^^^^^^^^^^
^^^^^^^^^
  File "<frozen 
importlib._bootstrap>", 
line 1204, in _gcd_import
  File "<frozen 
importlib._bootstrap>", 
line 1176, in 
_find_and_load
  File "<frozen 
importlib._bootstrap>", 
line 1147, in 
_find_and_load_unlocked
  File "<frozen 
importlib._bootstrap>", 
line 690, in _load_unlocked
  File "<frozen importlib._
bootstrap_external>", line 
940, in exec_module
  File "<frozen 
importlib._bootstrap>", 
line 241, in 
_call_with_frames_removed
  File "C:\Users\HP\Desktop
\untitled folder 
4\untitled folder 
4\mediFlow\app\main.py", 
line 4, in <module>
    from app.routers 
import health, auth, 
clinics, doctors, 
bookings, admin
ImportError: cannot import 
name 'health' from 
'app.routers' (unknown 
location)
WARNING:  StatReload 
detected changes in 
'app\main.py'. Reloading...
INFO:     Started server 
process [8112]
INFO:     Waiting for 
application startup.
INFO:     Application 
startup complete.
